<?xml version="1.0" encoding="UTF-8"?>
<testng-results ignored="0" total="2" passed="2" failed="0" skipped="0">
  <reporter-output>
    <line>
      <![CDATA[method1 From flag1]]>
    </line>
    <line>
      <![CDATA[method1 From flag1]]>
    </line>
  </reporter-output>
  <suite started-at="2023-07-20T03:20:01 IST" name="Default suite" finished-at="2023-07-20T03:20:01 IST" duration-ms="166">
    <groups>
    </groups>
    <test started-at="2023-07-20T03:20:01 IST" name="Default test" finished-at="2023-07-20T03:20:01 IST" duration-ms="166">
      <class name="testNGAnnotation_Flags.Flag1">
        <test-method signature="method1()[pri:0, instance:testNGAnnotation_Flags.Flag1@54422e18]" started-at="2023-07-20T03:20:01 IST" name="method1" description="Login Method!!" finished-at="2023-07-20T03:20:01 IST" duration-ms="19" status="PASS">
          <reporter-output>
            <line>
              <![CDATA[method1 From flag1]]>
            </line>
          </reporter-output>
        </test-method> <!-- method1 -->
        <test-method signature="method2()[pri:0, instance:testNGAnnotation_Flags.Flag1@54422e18]" started-at="2023-07-20T03:20:01 IST" name="method2" description="Logout Method!!" finished-at="2023-07-20T03:20:01 IST" duration-ms="5" status="PASS">
          <reporter-output>
            <line>
              <![CDATA[method1 From flag1]]>
            </line>
          </reporter-output>
        </test-method> <!-- method2 -->
      </class> <!-- testNGAnnotation_Flags.Flag1 -->
    </test> <!-- Default test -->
  </suite> <!-- Default suite -->
</testng-results>
